<?xml version="1.0" encoding="UTF-8"?>
<testsuite xmlns:xsi="http://www.w3.org/2001/XMLSchema-instance" xsi:noNamespaceSchemaLocation="https://maven.apache.org/surefire/maven-surefire-plugin/xsd/surefire-test-report-3.0.xsd" version="3.0" name="com.tienda_v1.TiendaApplicationTests" time="2.69" tests="1" errors="0" skipped="0" failures="0">
  <properties>
[...]
</properties>
  <testcase name="contextLoads" classname="com.tienda_v1.TiendaApplicationTests" time="0.748">
    <system-out><![CDATA[20:52:50.325 [main] INFO org.springframework.test.context.support.AnnotationConfigContextLoaderUtils -- Could not detect default configuration classes for test class [com.tienda_v1.TiendaApplicationTests]: TiendaApplicationTests does not declare any static, non-private, non-final, nested classes annotated with @Configuration.
20:52:50.449 [main] INFO org.springframework.boot.test.context.SpringBootTestContextBootstrapper -- Found @SpringBootConfiguration com.tienda_v1.TiendaApplication for test class com.tienda_v1.TiendaApplicationTests

  .   ____          _            __ _ _
 /\\ / ___'_ __ _ _(_)_ __  __ _ \ \ \ \
( ( )\___ | '_ | '_| | '_ \/ _` | \ \ \ \
 \\/  ___)| |_)| | | | | || (_| |  ) ) ) )
  '  |____| .__|_| |_|_| |_\__, | / / / /
 =========|_|==============|___/=/_/_/_/
 :: Spring Boot ::                (v3.1.3)

2023-09-28T20:52:50.885-06:00  INFO 22944 --- [           main] com.tienda_v1.TiendaApplicationTests     : Starting TiendaApplicationTests using Java 20.0.2 with PID 22944 (started by gaval in G:\1-UFide\VI cuatri\Desarrollo Web\Tienda-Desarrollo-Web-GregorySalazar\dev\Tienda_VI\tienda_v1)
2023-09-28T20:52:50.885-06:00  INFO 22944 --- [           main] com.tienda_v1.TiendaApplicationTests     : No active profile set, falling back to 1 default profile: "default"
2023-09-28T20:52:51.845-06:00  INFO 22944 --- [           main] o.s.b.a.w.s.WelcomePageHandlerMapping    : Adding welcome page: class path resource [static/index.html]
2023-09-28T20:52:51.960-06:00  WARN 22944 --- [           main] ion$DefaultTemplateResolverConfiguration : Cannot find template location: classpath:/templates/ (please add some templates, check your Thymeleaf configuration, or set spring.thymeleaf.check-template-location=false)
2023-09-28T20:52:52.017-06:00  INFO 22944 --- [           main] com.tienda_v1.TiendaApplicationTests     : Started TiendaApplicationTests in 1.405 seconds (process running for 2.629)
]]></system-out>
  </testcase>
</testsuite>